<?xml version="1.0" encoding="UTF-8"?>
<coverage generated="1751612727185" clover="3.2.0">
  <project timestamp="1751612727185" name="All files">
    <metrics statements="60" coveredstatements="54" conditionals="26" coveredconditionals="12" methods="28" coveredmethods="25" elements="114" coveredelements="91" complexity="0" loc="60" ncloc="60" packages="2" files="5" classes="5"/>
    <package name="persistence">
      <metrics statements="41" coveredstatements="35" conditionals="26" coveredconditionals="12" methods="24" coveredmethods="21"/>
      <file name="sqlite.js" path="/home/ed/Documents/DevOps/Tutorial/day1/getting-started-app/src/persistence/sqlite.js">
        <metrics statements="41" coveredstatements="35" conditionals="26" coveredconditionals="12" methods="24" coveredmethods="21"/>
        <line num="1" count="1" type="stmt"/>
        <line num="2" count="1" type="stmt"/>
        <line num="3" count="1" type="cond" truecount="1" falsecount="1"/>
        <line num="8" count="5" type="stmt"/>
        <line num="9" count="5" type="cond" truecount="1" falsecount="1"/>
        <line num="10" count="0" type="stmt"/>
        <line num="13" count="5" type="stmt"/>
        <line num="14" count="5" type="stmt"/>
        <line num="15" count="5" type="cond" truecount="1" falsecount="1"/>
        <line num="17" count="5" type="cond" truecount="1" falsecount="1"/>
        <line num="18" count="0" type="stmt"/>
        <line num="20" count="5" type="stmt"/>
        <line num="23" count="5" type="cond" truecount="1" falsecount="1"/>
        <line num="24" count="5" type="stmt"/>
        <line num="32" count="0" type="stmt"/>
        <line num="33" count="0" type="stmt"/>
        <line num="34" count="0" type="cond" truecount="0" falsecount="2"/>
        <line num="35" count="0" type="stmt"/>
        <line num="41" count="4" type="stmt"/>
        <line num="42" count="4" type="stmt"/>
        <line num="43" count="4" type="cond" truecount="1" falsecount="1"/>
        <line num="44" count="4" type="stmt"/>
        <line num="46" count="2" type="stmt"/>
        <line num="56" count="1" type="stmt"/>
        <line num="57" count="1" type="stmt"/>
        <line num="58" count="1" type="cond" truecount="1" falsecount="1"/>
        <line num="59" count="1" type="stmt"/>
        <line num="61" count="1" type="stmt"/>
        <line num="71" count="4" type="stmt"/>
        <line num="72" count="4" type="stmt"/>
        <line num="76" count="4" type="cond" truecount="1" falsecount="1"/>
        <line num="77" count="4" type="stmt"/>
        <line num="84" count="1" type="stmt"/>
        <line num="85" count="1" type="stmt"/>
        <line num="89" count="1" type="cond" truecount="1" falsecount="1"/>
        <line num="90" count="1" type="stmt"/>
        <line num="97" count="1" type="stmt"/>
        <line num="98" count="1" type="stmt"/>
        <line num="99" count="1" type="cond" truecount="1" falsecount="1"/>
        <line num="100" count="1" type="stmt"/>
        <line num="105" count="1" type="stmt"/>
      </file>
    </package>
    <package name="routes">
      <metrics statements="19" coveredstatements="19" conditionals="0" coveredconditionals="0" methods="4" coveredmethods="4"/>
      <file name="addItem.js" path="/home/ed/Documents/DevOps/Tutorial/day1/getting-started-app/src/routes/addItem.js">
        <metrics statements="6" coveredstatements="6" conditionals="0" coveredconditionals="0" methods="1" coveredmethods="1"/>
        <line num="1" count="1" type="stmt"/>
        <line num="2" count="1" type="stmt"/>
        <line num="4" count="1" type="stmt"/>
        <line num="5" count="1" type="stmt"/>
        <line num="11" count="1" type="stmt"/>
        <line num="12" count="1" type="stmt"/>
      </file>
      <file name="deleteItem.js" path="/home/ed/Documents/DevOps/Tutorial/day1/getting-started-app/src/routes/deleteItem.js">
        <metrics statements="4" coveredstatements="4" conditionals="0" coveredconditionals="0" methods="1" coveredmethods="1"/>
        <line num="1" count="1" type="stmt"/>
        <line num="3" count="1" type="stmt"/>
        <line num="4" count="1" type="stmt"/>
        <line num="5" count="1" type="stmt"/>
      </file>
      <file name="getItems.js" path="/home/ed/Documents/DevOps/Tutorial/day1/getting-started-app/src/routes/getItems.js">
        <metrics statements="4" coveredstatements="4" conditionals="0" coveredconditionals="0" methods="1" coveredmethods="1"/>
        <line num="1" count="1" type="stmt"/>
        <line num="3" count="1" type="stmt"/>
        <line num="4" count="1" type="stmt"/>
        <line num="5" count="1" type="stmt"/>
      </file>
      <file name="updateItem.js" path="/home/ed/Documents/DevOps/Tutorial/day1/getting-started-app/src/routes/updateItem.js">
        <metrics statements="5" coveredstatements="5" conditionals="0" coveredconditionals="0" methods="1" coveredmethods="1"/>
        <line num="1" count="1" type="stmt"/>
        <line num="3" count="1" type="stmt"/>
        <line num="4" count="1" type="stmt"/>
        <line num="8" count="1" type="stmt"/>
        <line num="9" count="1" type="stmt"/>
      </file>
    </package>
  </project>
</coverage>
