{"/home/ed/Documents/DevOps/Tutorial/day1/getting-started-app/src/persistence/sqlite.js": {"path":"/home/ed/Documents/DevOps/Tutorial/day1/getting-started-app/src/persistence/sqlite.js","statementMap":{"0":{"start":{"line":1,"column":16},"end":{"line":1,"column":44}},"1":{"start":{"line":2,"column":11},"end":{"line":2,"column":24}},"2":{"start":{"line":3,"column":17},"end":{"line":3,"column":71}},"3":{"start":{"line":8,"column":20},"end":{"line":8,"column":53}},"4":{"start":{"line":9,"column":4},"end":{"line":11,"column":5}},"5":{"start":{"line":10,"column":8},"end":{"line":10,"column":51}},"6":{"start":{"line":13,"column":4},"end":{"line":28,"column":7}},"7":{"start":{"line":14,"column":8},"end":{"line":27,"column":11}},"8":{"start":{"line":15,"column":12},"end":{"line":15,"column":37}},"9":{"start":{"line":15,"column":21},"end":{"line":15,"column":37}},"10":{"start":{"line":17,"column":12},"end":{"line":18,"column":68}},"11":{"start":{"line":18,"column":16},"end":{"line":18,"column":68}},"12":{"start":{"line":20,"column":12},"end":{"line":26,"column":14}},"13":{"start":{"line":23,"column":20},"end":{"line":23,"column":45}},"14":{"start":{"line":23,"column":29},"end":{"line":23,"column":45}},"15":{"start":{"line":24,"column":20},"end":{"line":24,"column":26}},"16":{"start":{"line":32,"column":4},"end":{"line":37,"column":7}},"17":{"start":{"line":33,"column":8},"end":{"line":36,"column":11}},"18":{"start":{"line":34,"column":12},"end":{"line":35,"column":23}},"19":{"start":{"line":34,"column":21},"end":{"line":34,"column":30}},"20":{"start":{"line":35,"column":17},"end":{"line":35,"column":23}},"21":{"start":{"line":41,"column":4},"end":{"line":52,"column":7}},"22":{"start":{"line":42,"column":8},"end":{"line":51,"column":11}},"23":{"start":{"line":43,"column":12},"end":{"line":43,"column":37}},"24":{"start":{"line":43,"column":21},"end":{"line":43,"column":37}},"25":{"start":{"line":44,"column":12},"end":{"line":50,"column":14}},"26":{"start":{"line":46,"column":20},"end":{"line":48,"column":22}},"27":{"start":{"line":56,"column":4},"end":{"line":67,"column":7}},"28":{"start":{"line":57,"column":8},"end":{"line":66,"column":11}},"29":{"start":{"line":58,"column":12},"end":{"line":58,"column":37}},"30":{"start":{"line":58,"column":21},"end":{"line":58,"column":37}},"31":{"start":{"line":59,"column":12},"end":{"line":65,"column":14}},"32":{"start":{"line":61,"column":20},"end":{"line":63,"column":22}},"33":{"start":{"line":71,"column":4},"end":{"line":80,"column":7}},"34":{"start":{"line":72,"column":8},"end":{"line":79,"column":10}},"35":{"start":{"line":76,"column":16},"end":{"line":76,"column":41}},"36":{"start":{"line":76,"column":25},"end":{"line":76,"column":41}},"37":{"start":{"line":77,"column":16},"end":{"line":77,"column":22}},"38":{"start":{"line":84,"column":4},"end":{"line":93,"column":7}},"39":{"start":{"line":85,"column":8},"end":{"line":92,"column":10}},"40":{"start":{"line":89,"column":16},"end":{"line":89,"column":41}},"41":{"start":{"line":89,"column":25},"end":{"line":89,"column":41}},"42":{"start":{"line":90,"column":16},"end":{"line":90,"column":22}},"43":{"start":{"line":97,"column":4},"end":{"line":102,"column":7}},"44":{"start":{"line":98,"column":8},"end":{"line":101,"column":11}},"45":{"start":{"line":99,"column":12},"end":{"line":99,"column":37}},"46":{"start":{"line":99,"column":21},"end":{"line":99,"column":37}},"47":{"start":{"line":100,"column":12},"end":{"line":100,"column":18}},"48":{"start":{"line":105,"column":0},"end":{"line":113,"column":2}}},"fnMap":{"0":{"name":"init","decl":{"start":{"line":7,"column":9},"end":{"line":7,"column":13}},"loc":{"start":{"line":7,"column":16},"end":{"line":29,"column":1}},"line":7},"1":{"name":"(anonymous_1)","decl":{"start":{"line":13,"column":23},"end":{"line":13,"column":24}},"loc":{"start":{"line":13,"column":37},"end":{"line":28,"column":5}},"line":13},"2":{"name":"(anonymous_2)","decl":{"start":{"line":14,"column":44},"end":{"line":14,"column":45}},"loc":{"start":{"line":14,"column":53},"end":{"line":27,"column":9}},"line":14},"3":{"name":"(anonymous_3)","decl":{"start":{"line":22,"column":16},"end":{"line":22,"column":17}},"loc":{"start":{"line":22,"column":33},"end":{"line":25,"column":17}},"line":22},"4":{"name":"teardown","decl":{"start":{"line":31,"column":15},"end":{"line":31,"column":23}},"loc":{"start":{"line":31,"column":26},"end":{"line":38,"column":1}},"line":31},"5":{"name":"(anonymous_5)","decl":{"start":{"line":32,"column":23},"end":{"line":32,"column":24}},"loc":{"start":{"line":32,"column":37},"end":{"line":37,"column":5}},"line":32},"6":{"name":"(anonymous_6)","decl":{"start":{"line":33,"column":17},"end":{"line":33,"column":18}},"loc":{"start":{"line":33,"column":26},"end":{"line":36,"column":9}},"line":33},"7":{"name":"getItems","decl":{"start":{"line":40,"column":15},"end":{"line":40,"column":23}},"loc":{"start":{"line":40,"column":26},"end":{"line":53,"column":1}},"line":40},"8":{"name":"(anonymous_8)","decl":{"start":{"line":41,"column":23},"end":{"line":41,"column":24}},"loc":{"start":{"line":41,"column":37},"end":{"line":52,"column":5}},"line":41},"9":{"name":"(anonymous_9)","decl":{"start":{"line":42,"column":43},"end":{"line":42,"column":44}},"loc":{"start":{"line":42,"column":58},"end":{"line":51,"column":9}},"line":42},"10":{"name":"(anonymous_10)","decl":{"start":{"line":45,"column":25},"end":{"line":45,"column":26}},"loc":{"start":{"line":46,"column":20},"end":{"line":48,"column":22}},"line":46},"11":{"name":"getItem","decl":{"start":{"line":55,"column":15},"end":{"line":55,"column":22}},"loc":{"start":{"line":55,"column":27},"end":{"line":68,"column":1}},"line":55},"12":{"name":"(anonymous_12)","decl":{"start":{"line":56,"column":23},"end":{"line":56,"column":24}},"loc":{"start":{"line":56,"column":37},"end":{"line":67,"column":5}},"line":56},"13":{"name":"(anonymous_13)","decl":{"start":{"line":57,"column":60},"end":{"line":57,"column":61}},"loc":{"start":{"line":57,"column":75},"end":{"line":66,"column":9}},"line":57},"14":{"name":"(anonymous_14)","decl":{"start":{"line":60,"column":25},"end":{"line":60,"column":26}},"loc":{"start":{"line":61,"column":20},"end":{"line":63,"column":22}},"line":61},"15":{"name":"storeItem","decl":{"start":{"line":70,"column":15},"end":{"line":70,"column":24}},"loc":{"start":{"line":70,"column":31},"end":{"line":81,"column":1}},"line":70},"16":{"name":"(anonymous_16)","decl":{"start":{"line":71,"column":23},"end":{"line":71,"column":24}},"loc":{"start":{"line":71,"column":37},"end":{"line":80,"column":5}},"line":71},"17":{"name":"(anonymous_17)","decl":{"start":{"line":75,"column":12},"end":{"line":75,"column":13}},"loc":{"start":{"line":75,"column":21},"end":{"line":78,"column":13}},"line":75},"18":{"name":"updateItem","decl":{"start":{"line":83,"column":15},"end":{"line":83,"column":25}},"loc":{"start":{"line":83,"column":36},"end":{"line":94,"column":1}},"line":83},"19":{"name":"(anonymous_19)","decl":{"start":{"line":84,"column":23},"end":{"line":84,"column":24}},"loc":{"start":{"line":84,"column":37},"end":{"line":93,"column":5}},"line":84},"20":{"name":"(anonymous_20)","decl":{"start":{"line":88,"column":12},"end":{"line":88,"column":13}},"loc":{"start":{"line":88,"column":21},"end":{"line":91,"column":13}},"line":88},"21":{"name":"removeItem","decl":{"start":{"line":96,"column":15},"end":{"line":96,"column":25}},"loc":{"start":{"line":96,"column":30},"end":{"line":103,"column":1}},"line":96},"22":{"name":"(anonymous_22)","decl":{"start":{"line":97,"column":23},"end":{"line":97,"column":24}},"loc":{"start":{"line":97,"column":37},"end":{"line":102,"column":5}},"line":97},"23":{"name":"(anonymous_23)","decl":{"start":{"line":98,"column":60},"end":{"line":98,"column":61}},"loc":{"start":{"line":98,"column":69},"end":{"line":101,"column":9}},"line":98}},"branchMap":{"0":{"loc":{"start":{"line":3,"column":17},"end":{"line":3,"column":71}},"type":"binary-expr","locations":[{"start":{"line":3,"column":17},"end":{"line":3,"column":47}},{"start":{"line":3,"column":51},"end":{"line":3,"column":71}}],"line":3},"1":{"loc":{"start":{"line":9,"column":4},"end":{"line":11,"column":5}},"type":"if","locations":[{"start":{"line":9,"column":4},"end":{"line":11,"column":5}},{"start":{},"end":{}}],"line":9},"2":{"loc":{"start":{"line":15,"column":12},"end":{"line":15,"column":37}},"type":"if","locations":[{"start":{"line":15,"column":12},"end":{"line":15,"column":37}},{"start":{},"end":{}}],"line":15},"3":{"loc":{"start":{"line":17,"column":12},"end":{"line":18,"column":68}},"type":"if","locations":[{"start":{"line":17,"column":12},"end":{"line":18,"column":68}},{"start":{},"end":{}}],"line":17},"4":{"loc":{"start":{"line":23,"column":20},"end":{"line":23,"column":45}},"type":"if","locations":[{"start":{"line":23,"column":20},"end":{"line":23,"column":45}},{"start":{},"end":{}}],"line":23},"5":{"loc":{"start":{"line":34,"column":12},"end":{"line":35,"column":23}},"type":"if","locations":[{"start":{"line":34,"column":12},"end":{"line":35,"column":23}},{"start":{"line":35,"column":17},"end":{"line":35,"column":23}}],"line":34},"6":{"loc":{"start":{"line":43,"column":12},"end":{"line":43,"column":37}},"type":"if","locations":[{"start":{"line":43,"column":12},"end":{"line":43,"column":37}},{"start":{},"end":{}}],"line":43},"7":{"loc":{"start":{"line":58,"column":12},"end":{"line":58,"column":37}},"type":"if","locations":[{"start":{"line":58,"column":12},"end":{"line":58,"column":37}},{"start":{},"end":{}}],"line":58},"8":{"loc":{"start":{"line":74,"column":33},"end":{"line":74,"column":55}},"type":"cond-expr","locations":[{"start":{"line":74,"column":50},"end":{"line":74,"column":51}},{"start":{"line":74,"column":54},"end":{"line":74,"column":55}}],"line":74},"9":{"loc":{"start":{"line":76,"column":16},"end":{"line":76,"column":41}},"type":"if","locations":[{"start":{"line":76,"column":16},"end":{"line":76,"column":41}},{"start":{},"end":{}}],"line":76},"10":{"loc":{"start":{"line":87,"column":24},"end":{"line":87,"column":46}},"type":"cond-expr","locations":[{"start":{"line":87,"column":41},"end":{"line":87,"column":42}},{"start":{"line":87,"column":45},"end":{"line":87,"column":46}}],"line":87},"11":{"loc":{"start":{"line":89,"column":16},"end":{"line":89,"column":41}},"type":"if","locations":[{"start":{"line":89,"column":16},"end":{"line":89,"column":41}},{"start":{},"end":{}}],"line":89},"12":{"loc":{"start":{"line":99,"column":12},"end":{"line":99,"column":37}},"type":"if","locations":[{"start":{"line":99,"column":12},"end":{"line":99,"column":37}},{"start":{},"end":{}}],"line":99}},"s":{"0":1,"1":1,"2":1,"3":5,"4":5,"5":0,"6":5,"7":5,"8":5,"9":0,"10":5,"11":0,"12":5,"13":5,"14":0,"15":5,"16":0,"17":0,"18":0,"19":0,"20":0,"21":4,"22":4,"23":4,"24":0,"25":4,"26":2,"27":1,"28":1,"29":1,"30":0,"31":1,"32":1,"33":4,"34":4,"35":4,"36":0,"37":4,"38":1,"39":1,"40":1,"41":0,"42":1,"43":1,"44":1,"45":1,"46":0,"47":1,"48":1},"f":{"0":5,"1":5,"2":5,"3":5,"4":0,"5":0,"6":0,"7":4,"8":4,"9":4,"10":2,"11":1,"12":1,"13":1,"14":1,"15":4,"16":4,"17":4,"18":1,"19":1,"20":1,"21":1,"22":1,"23":1},"b":{"0":[1,0],"1":[0,5],"2":[0,5],"3":[0,5],"4":[0,5],"5":[0,0],"6":[0,4],"7":[0,1],"8":[0,4],"9":[0,4],"10":[1,0],"11":[0,1],"12":[0,1]},"_coverageSchema":"1a1c01bbd47fc00a2c39e90264f33305004495a9","hash":"a4099ec9ec25b4f2e4e4a18e5974dbc981ab5c1d"}
,"/home/ed/Documents/DevOps/Tutorial/day1/getting-started-app/src/routes/addItem.js": {"path":"/home/ed/Documents/DevOps/Tutorial/day1/getting-started-app/src/routes/addItem.js","statementMap":{"0":{"start":{"line":1,"column":11},"end":{"line":1,"column":36}},"1":{"start":{"line":2,"column":21},"end":{"line":2,"column":36}},"2":{"start":{"line":4,"column":0},"end":{"line":13,"column":2}},"3":{"start":{"line":5,"column":17},"end":{"line":9,"column":5}},"4":{"start":{"line":11,"column":4},"end":{"line":11,"column":29}},"5":{"start":{"line":12,"column":4},"end":{"line":12,"column":19}}},"fnMap":{"0":{"name":"(anonymous_0)","decl":{"start":{"line":4,"column":17},"end":{"line":4,"column":18}},"loc":{"start":{"line":4,"column":37},"end":{"line":13,"column":1}},"line":4}},"branchMap":{},"s":{"0":1,"1":1,"2":1,"3":1,"4":1,"5":1},"f":{"0":1},"b":{},"_coverageSchema":"1a1c01bbd47fc00a2c39e90264f33305004495a9","hash":"a3e77339a1462b6921cd774bc6847dfb698ec681"}
,"/home/ed/Documents/DevOps/Tutorial/day1/getting-started-app/src/routes/deleteItem.js": {"path":"/home/ed/Documents/DevOps/Tutorial/day1/getting-started-app/src/routes/deleteItem.js","statementMap":{"0":{"start":{"line":1,"column":11},"end":{"line":1,"column":36}},"1":{"start":{"line":3,"column":0},"end":{"line":6,"column":2}},"2":{"start":{"line":4,"column":4},"end":{"line":4,"column":39}},"3":{"start":{"line":5,"column":4},"end":{"line":5,"column":24}}},"fnMap":{"0":{"name":"(anonymous_0)","decl":{"start":{"line":3,"column":17},"end":{"line":3,"column":18}},"loc":{"start":{"line":3,"column":37},"end":{"line":6,"column":1}},"line":3}},"branchMap":{},"s":{"0":1,"1":1,"2":1,"3":1},"f":{"0":1},"b":{},"_coverageSchema":"1a1c01bbd47fc00a2c39e90264f33305004495a9","hash":"2e444d9efdcc23d81ab2fe057ca3904af8b546c8"}
,"/home/ed/Documents/DevOps/Tutorial/day1/getting-started-app/src/routes/getItems.js": {"path":"/home/ed/Documents/DevOps/Tutorial/day1/getting-started-app/src/routes/getItems.js","statementMap":{"0":{"start":{"line":1,"column":11},"end":{"line":1,"column":36}},"1":{"start":{"line":3,"column":0},"end":{"line":6,"column":2}},"2":{"start":{"line":4,"column":18},"end":{"line":4,"column":37}},"3":{"start":{"line":5,"column":4},"end":{"line":5,"column":20}}},"fnMap":{"0":{"name":"(anonymous_0)","decl":{"start":{"line":3,"column":17},"end":{"line":3,"column":18}},"loc":{"start":{"line":3,"column":37},"end":{"line":6,"column":1}},"line":3}},"branchMap":{},"s":{"0":1,"1":1,"2":1,"3":1},"f":{"0":1},"b":{},"_coverageSchema":"1a1c01bbd47fc00a2c39e90264f33305004495a9","hash":"a861c47bfdc084b67ab26750939dcf7536ac5628"}
,"/home/ed/Documents/DevOps/Tutorial/day1/getting-started-app/src/routes/updateItem.js": {"path":"/home/ed/Documents/DevOps/Tutorial/day1/getting-started-app/src/routes/updateItem.js","statementMap":{"0":{"start":{"line":1,"column":11},"end":{"line":1,"column":36}},"1":{"start":{"line":3,"column":0},"end":{"line":10,"column":2}},"2":{"start":{"line":4,"column":4},"end":{"line":7,"column":7}},"3":{"start":{"line":8,"column":17},"end":{"line":8,"column":48}},"4":{"start":{"line":9,"column":4},"end":{"line":9,"column":19}}},"fnMap":{"0":{"name":"(anonymous_0)","decl":{"start":{"line":3,"column":17},"end":{"line":3,"column":18}},"loc":{"start":{"line":3,"column":37},"end":{"line":10,"column":1}},"line":3}},"branchMap":{},"s":{"0":1,"1":1,"2":1,"3":1,"4":1},"f":{"0":1},"b":{},"_coverageSchema":"1a1c01bbd47fc00a2c39e90264f33305004495a9","hash":"d6e682b4976d6d230868464f2156eb4c820f0dbe"}
}
