TN:
SF:src/persistence/sqlite.js
FN:7,init
FN:13,(anonymous_1)
FN:14,(anonymous_2)
FN:22,(anonymous_3)
FN:31,teardown
FN:32,(anonymous_5)
FN:33,(anonymous_6)
FN:40,getItems
FN:41,(anonymous_8)
FN:42,(anonymous_9)
FN:45,(anonymous_10)
FN:55,getItem
FN:56,(anonymous_12)
FN:57,(anonymous_13)
FN:60,(anonymous_14)
FN:70,storeItem
FN:71,(anonymous_16)
FN:75,(anonymous_17)
FN:83,updateItem
FN:84,(anonymous_19)
FN:88,(anonymous_20)
FN:96,removeItem
FN:97,(anonymous_22)
FN:98,(anonymous_23)
FNF:24
FNH:21
FNDA:5,init
FNDA:5,(anonymous_1)
FNDA:5,(anonymous_2)
FNDA:5,(anonymous_3)
FNDA:0,teardown
FNDA:0,(anonymous_5)
FNDA:0,(anonymous_6)
FNDA:4,getItems
FNDA:4,(anonymous_8)
FNDA:4,(anonymous_9)
FNDA:2,(anonymous_10)
FNDA:1,getItem
FNDA:1,(anonymous_12)
FNDA:1,(anonymous_13)
FNDA:1,(anonymous_14)
FNDA:4,storeItem
FNDA:4,(anonymous_16)
FNDA:4,(anonymous_17)
FNDA:1,updateItem
FNDA:1,(anonymous_19)
FNDA:1,(anonymous_20)
FNDA:1,removeItem
FNDA:1,(anonymous_22)
FNDA:1,(anonymous_23)
DA:1,1
DA:2,1
DA:3,1
DA:8,5
DA:9,5
DA:10,0
DA:13,5
DA:14,5
DA:15,5
DA:17,5
DA:18,0
DA:20,5
DA:23,5
DA:24,5
DA:32,0
DA:33,0
DA:34,0
DA:35,0
DA:41,4
DA:42,4
DA:43,4
DA:44,4
DA:46,2
DA:56,1
DA:57,1
DA:58,1
DA:59,1
DA:61,1
DA:71,4
DA:72,4
DA:76,4
DA:77,4
DA:84,1
DA:85,1
DA:89,1
DA:90,1
DA:97,1
DA:98,1
DA:99,1
DA:100,1
DA:105,1
LF:41
LH:35
BRDA:3,0,0,1
BRDA:3,0,1,0
BRDA:9,1,0,0
BRDA:9,1,1,5
BRDA:15,2,0,0
BRDA:15,2,1,5
BRDA:17,3,0,0
BRDA:17,3,1,5
BRDA:23,4,0,0
BRDA:23,4,1,5
BRDA:34,5,0,0
BRDA:34,5,1,0
BRDA:43,6,0,0
BRDA:43,6,1,4
BRDA:58,7,0,0
BRDA:58,7,1,1
BRDA:74,8,0,0
BRDA:74,8,1,4
BRDA:76,9,0,0
BRDA:76,9,1,4
BRDA:87,10,0,1
BRDA:87,10,1,0
BRDA:89,11,0,0
BRDA:89,11,1,1
BRDA:99,12,0,0
BRDA:99,12,1,1
BRF:26
BRH:12
end_of_record
TN:
SF:src/routes/addItem.js
FN:4,(anonymous_0)
FNF:1
FNH:1
FNDA:1,(anonymous_0)
DA:1,1
DA:2,1
DA:4,1
DA:5,1
DA:11,1
DA:12,1
LF:6
LH:6
BRF:0
BRH:0
end_of_record
TN:
SF:src/routes/deleteItem.js
FN:3,(anonymous_0)
FNF:1
FNH:1
FNDA:1,(anonymous_0)
DA:1,1
DA:3,1
DA:4,1
DA:5,1
LF:4
LH:4
BRF:0
BRH:0
end_of_record
TN:
SF:src/routes/getItems.js
FN:3,(anonymous_0)
FNF:1
FNH:1
FNDA:1,(anonymous_0)
DA:1,1
DA:3,1
DA:4,1
DA:5,1
LF:4
LH:4
BRF:0
BRH:0
end_of_record
TN:
SF:src/routes/updateItem.js
FN:3,(anonymous_0)
FNF:1
FNH:1
FNDA:1,(anonymous_0)
DA:1,1
DA:3,1
DA:4,1
DA:8,1
DA:9,1
LF:5
LH:5
BRF:0
BRH:0
end_of_record
